Arguments: 
  /Users/snjssk/.nodenv/versions/14.16.0/bin/node /usr/local/Cellar/yarn/1.22.10/libexec/bin/yarn.js dev

PATH: 
  /Users/snjssk/.nodenv/versions/14.16.0/bin:/usr/local/Cellar/nodenv/1.4.0/libexec:/Users/snjssk/.nodenv/shims:/Users/snjssk/.rbenv/shims:/Users/snjssk/.poetry/bin:/opt/anaconda3/bin:/opt/anaconda3/condabin:/usr/local/bin:/usr/bin:/bin:/usr/sbin:/sbin:/Library/Apple/usr/bin:/Users/snjssk/flutter/bin:/Users/snjssk/.local/bin

Yarn version: 
  1.22.10

Node version: 
  14.16.0

Platform: 
  darwin x64

Trace: 
  SyntaxError: /Users/snjssk/workspace/github/nuxt-vuetify/packages/utils/package.json: Unexpected token , in JSON at position 175
      at JSON.parse (<anonymous>)
      at /usr/local/Cellar/yarn/1.22.10/libexec/lib/cli.js:1625:59
      at Generator.next (<anonymous>)
      at step (/usr/local/Cellar/yarn/1.22.10/libexec/lib/cli.js:310:30)
      at /usr/local/Cellar/yarn/1.22.10/libexec/lib/cli.js:321:13

npm manifest: 
  {
    "name": "utils",
    "version": "1.0.0",
    "main": "index.js",
    "license": "MIT",
    "scripts": {
      "dev": "echo 123"
    },
    "dependencies": {
      "dayjs": "^1.10.7"
    }
  },

yarn manifest: 
  No manifest

Lockfile: 
  No lockfile
